<?xml version="1.0" encoding="utf-8"?><testsuites><testsuite name="pytest" errors="0" failures="0" skipped="0" tests="3" time="0.948" timestamp="2024-06-04T16:54:58.310525" hostname="13f4aeb302d1"><testcase classname="tests.test_prediction" name="test_single_pred_not_none" time="0.026" /><testcase classname="tests.test_prediction" name="test_single_pred_str_type" time="0.024" /><testcase classname="tests.test_prediction" name="test_single_pred_validate" time="0.025" /></testsuite></testsuites>